2023-09-03 09:29[INFO][restartedMain][c.e.d.EmpPayApplication:55] Starting EmpPayApplication using Java 14.0.1 on RamYadav with PID 12224 (C:\Users\Ram\eclipse-workspace\EmpPay\target\classes started by Ram in C:\Users\Ram\eclipse-workspace\EmpPay)
2023-09-03 09:29[INFO][restartedMain][c.e.d.EmpPayApplication:641] The following profiles are active: test
2023-09-03 09:29[INFO][restartedMain][o.s.b.d.r.ChangeableUrls:255] The Class-Path manifest attribute in C:\Users\Ram\.m2\repository\com\sun\xml\bind\jaxb-core\2.3.0.1\jaxb-core-2.3.0.1.jar referenced one or more files that do not exist: file:/C:/Users/Ram/.m2/repository/com/sun/xml/bind/jaxb-core/2.3.0.1/jaxb-api.jar
2023-09-03 09:29[INFO][restartedMain][o.s.b.d.r.ChangeableUrls:255] The Class-Path manifest attribute in C:\Users\Ram\.m2\repository\com\sun\xml\bind\jaxb-impl\2.3.0.1\jaxb-impl-2.3.0.1.jar referenced one or more files that do not exist: file:/C:/Users/Ram/.m2/repository/com/sun/xml/bind/jaxb-impl/2.3.0.1/jaxb-core.jar
2023-09-03 09:29[INFO][restartedMain][o.s.b.d.e.DevToolsPropertyDefaultsPostProcessor:255] Devtools property defaults active! Set 'spring.devtools.add-properties' to 'false' to disable
2023-09-03 09:29[INFO][restartedMain][o.s.b.d.e.DevToolsPropertyDefaultsPostProcessor:255] For additional web related logging consider setting the 'logging.level.web' property to 'DEBUG'
2023-09-03 09:30[INFO][restartedMain][o.s.d.r.c.RepositoryConfigurationDelegate:132] Bootstrapping Spring Data JPA repositories in DEFAULT mode.
2023-09-03 09:30[INFO][restartedMain][o.s.d.r.c.RepositoryConfigurationDelegate:201] Finished Spring Data repository scanning in 384 ms. Found 1 JPA repository interfaces.
2023-09-03 09:30[INFO][restartedMain][o.s.c.c.s.GenericScope:283] BeanFactory id=95c9b977-53a6-3246-8a29-90807b59d907
2023-09-03 09:30[INFO][restartedMain][o.s.b.w.e.t.TomcatWebServer:108] Tomcat initialized with port(s): 8081 (http)
2023-09-03 09:30[INFO][restartedMain][o.a.c.c.StandardService:173] Starting service [Tomcat]
2023-09-03 09:30[INFO][restartedMain][o.a.c.c.StandardEngine:173] Starting Servlet engine: [Apache Tomcat/9.0.56]
2023-09-03 09:30[INFO][restartedMain][o.a.c.c.C.[.[.[/]:173] Initializing Spring embedded WebApplicationContext
2023-09-03 09:30[INFO][restartedMain][o.s.b.w.s.c.ServletWebServerApplicationContext:290] Root WebApplicationContext: initialization completed in 8019 ms
2023-09-03 09:30[INFO][restartedMain][o.h.j.i.u.LogHelper:31] HHH000204: Processing PersistenceUnitInfo [name: default]
2023-09-03 09:30[INFO][restartedMain][o.h.Version:44] HHH000412: Hibernate ORM core version 5.6.4.Final
2023-09-03 09:30[INFO][restartedMain][o.h.a.c.Version:56] HCANN000001: Hibernate Commons Annotations {5.1.2.Final}
2023-09-03 09:30[INFO][restartedMain][c.z.h.HikariDataSource:110] HikariPool-1 - Starting...
2023-09-03 09:30[INFO][restartedMain][c.z.h.HikariDataSource:123] HikariPool-1 - Start completed.
2023-09-03 09:30[INFO][restartedMain][o.h.d.Dialect:175] HHH000400: Using dialect: org.hibernate.dialect.MySQL8Dialect
2023-09-03 09:30[INFO][restartedMain][o.h.e.t.j.p.i.JtaPlatformInitiator:52] HHH000490: Using JtaPlatform implementation: [org.hibernate.engine.transaction.jta.platform.internal.NoJtaPlatform]
2023-09-03 09:30[INFO][restartedMain][o.s.o.j.LocalContainerEntityManagerFactoryBean:437] Initialized JPA EntityManagerFactory for persistence unit 'default'
2023-09-03 09:30[WARN][restartedMain][o.s.b.w.s.c.AnnotationConfigServletWebServerApplicationContext:591] Exception encountered during context initialization - cancelling refresh attempt: org.springframework.beans.factory.UnsatisfiedDependencyException: Error creating bean with name 'empayController': Unsatisfied dependency expressed through field 'employeeService'; nested exception is org.springframework.beans.factory.UnsatisfiedDependencyException: Error creating bean with name 'employeeService': Unsatisfied dependency expressed through field 'emaillistner'; nested exception is org.springframework.beans.factory.UnsatisfiedDependencyException: Error creating bean with name 'emailListener': Unsatisfied dependency expressed through field 'sender'; nested exception is org.springframework.beans.factory.UnsatisfiedDependencyException: Error creating bean with name 'emailSenderService': Unsatisfied dependency expressed through field 'mailsender'; nested exception is org.springframework.beans.factory.NoSuchBeanDefinitionException: No qualifying bean of type 'org.springframework.mail.javamail.JavaMailSender' available: expected at least 1 bean which qualifies as autowire candidate. Dependency annotations: {@org.springframework.beans.factory.annotation.Autowired(required=true)}
2023-09-03 09:30[INFO][restartedMain][o.s.o.j.LocalContainerEntityManagerFactoryBean:651] Closing JPA EntityManagerFactory for persistence unit 'default'
2023-09-03 09:30[INFO][restartedMain][c.z.h.HikariDataSource:350] HikariPool-1 - Shutdown initiated...
2023-09-03 09:30[INFO][restartedMain][c.z.h.HikariDataSource:352] HikariPool-1 - Shutdown completed.
2023-09-03 09:30[INFO][restartedMain][o.a.c.c.StandardService:173] Stopping service [Tomcat]
2023-09-03 09:30[INFO][restartedMain][o.s.b.a.l.ConditionEvaluationReportLoggingListener:136] 

Error starting ApplicationContext. To display the conditions report re-run your application with 'debug' enabled.
2023-09-03 09:30[ERROR][restartedMain][o.s.b.d.LoggingFailureAnalysisReporter:40] 

***************************
APPLICATION FAILED TO START
***************************

Description:

Field mailsender in com.example.demo.util.EmailSenderService required a bean of type 'org.springframework.mail.javamail.JavaMailSender' that could not be found.

The injection point has the following annotations:
	- @org.springframework.beans.factory.annotation.Autowired(required=true)


Action:

Consider defining a bean of type 'org.springframework.mail.javamail.JavaMailSender' in your configuration.

